<?xml version="1.0" encoding="UTF-8"?>
<testsuite xmlns:xsi="http://www.w3.org/2001/XMLSchema-instance" xsi:noNamespaceSchemaLocation="https://maven.apache.org/surefire/maven-surefire-plugin/xsd/surefire-test-report-3.0.xsd" version="3.0" name="Test" time="0.008" tests="0" errors="0" skipped="0" failures="0">
  <properties>
    <property name="gopherProxySet" value="false"/>
    <property name="awt.toolkit" value="sun.lwawt.macosx.LWCToolkit"/>
    <property name="java.specification.version" value="11"/>
    <property name="sun.cpu.isalist" value=""/>
    <property name="sun.jnu.encoding" value="UTF-8"/>
    <property name="java.class.path" value="/Users/shy/Downloads/cache/cache-core/target/test-classes:/Users/shy/Downloads/cache/cache-core/target/classes:/Users/shy/Downloads/cache/cache-api/target/cache-api-0.0.4.jar:/Users/shy/Desktop/apache-maven-3.6.1/maven/log4j/log4j/1.2.17/log4j-1.2.17.jar:/Users/shy/Desktop/apache-maven-3.6.1/maven/cglib/cglib/3.1/cglib-3.1.jar:/Users/shy/Desktop/apache-maven-3.6.1/maven/org/ow2/asm/asm/4.2/asm-4.2.jar:"/>
    <property name="java.vm.vendor" value="Oracle Corporation"/>
    <property name="sun.arch.data.model" value="64"/>
    <property name="java.vendor.url" value="https://openjdk.java.net/"/>
    <property name="user.timezone" value=""/>
    <property name="java.vm.specification.version" value="11"/>
    <property name="os.name" value="Mac OS X"/>
    <property name="sun.java.launcher" value="SUN_STANDARD"/>
    <property name="user.country" value="CN"/>
    <property name="sun.boot.library.path" value="/Users/shy/Desktop/jdk-11.0.20.jdk/Contents/Home/lib"/>
    <property name="sun.java.command" value="/Users/shy/Downloads/cache/cache-core/target/surefire/surefirebooter-20230721114451579_3.jar /Users/shy/Downloads/cache/cache-core/target/surefire 2023-07-21T11-44-46_227-jvmRun1 surefire-20230721114451579_1tmp surefire_0-20230721114451579_2tmp"/>
    <property name="http.nonProxyHosts" value="local|*.local|169.254/16|*.169.254/16"/>
    <property name="jdk.debug" value="release"/>
    <property name="surefire.test.class.path" value="/Users/shy/Downloads/cache/cache-core/target/test-classes:/Users/shy/Downloads/cache/cache-core/target/classes:/Users/shy/Downloads/cache/cache-api/target/cache-api-0.0.4.jar:/Users/shy/Desktop/apache-maven-3.6.1/maven/log4j/log4j/1.2.17/log4j-1.2.17.jar:/Users/shy/Desktop/apache-maven-3.6.1/maven/cglib/cglib/3.1/cglib-3.1.jar:/Users/shy/Desktop/apache-maven-3.6.1/maven/org/ow2/asm/asm/4.2/asm-4.2.jar:"/>
    <property name="sun.cpu.endian" value="little"/>
    <property name="user.home" value="/Users/shy"/>
    <property name="user.language" value="zh"/>
    <property name="java.specification.vendor" value="Oracle Corporation"/>
    <property name="java.version.date" value="2023-07-18"/>
    <property name="java.home" value="/Users/shy/Desktop/jdk-11.0.20.jdk/Contents/Home"/>
    <property name="file.separator" value="/"/>
    <property name="basedir" value="/Users/shy/Downloads/cache/cache-core"/>
    <property name="java.vm.compressedOopsMode" value="Zero based"/>
    <property name="line.separator" value="&#10;"/>
    <property name="java.specification.name" value="Java Platform API Specification"/>
    <property name="java.vm.specification.vendor" value="Oracle Corporation"/>
    <property name="java.awt.graphicsenv" value="sun.awt.CGraphicsEnvironment"/>
    <property name="surefire.real.class.path" value="/Users/shy/Downloads/cache/cache-core/target/surefire/surefirebooter-20230721114451579_3.jar"/>
    <property name="user.script" value="Hans"/>
    <property name="sun.management.compiler" value="HotSpot 64-Bit Tiered Compilers"/>
    <property name="ftp.nonProxyHosts" value="local|*.local|169.254/16|*.169.254/16"/>
    <property name="java.runtime.version" value="11.0.20+9-LTS-256"/>
    <property name="user.name" value="shy"/>
    <property name="path.separator" value=":"/>
    <property name="os.version" value="12.6.1"/>
    <property name="java.runtime.name" value="Java(TM) SE Runtime Environment"/>
    <property name="file.encoding" value="UTF-8"/>
    <property name="java.vm.name" value="Java HotSpot(TM) 64-Bit Server VM"/>
    <property name="java.vendor.version" value="18.9"/>
    <property name="localRepository" value="/Users/shy/Desktop/apache-maven-3.6.1/maven"/>
    <property name="java.vendor.url.bug" value="https://bugreport.java.com/bugreport/"/>
    <property name="java.io.tmpdir" value="/var/folders/gx/54jt4dz52p37t3rcvss587ww0000gn/T/"/>
    <property name="idea.version" value="2023.1.4"/>
    <property name="java.version" value="11.0.20"/>
    <property name="user.dir" value="/Users/shy/Downloads/cache/cache-core"/>
    <property name="os.arch" value="x86_64"/>
    <property name="java.vm.specification.name" value="Java Virtual Machine Specification"/>
    <property name="java.awt.printerjob" value="sun.lwawt.macosx.CPrinterJob"/>
    <property name="sun.os.patch.level" value="unknown"/>
    <property name="java.library.path" value="/Users/shy/Library/Java/Extensions:/Library/Java/Extensions:/Network/Library/Java/Extensions:/System/Library/Java/Extensions:/usr/lib/java:."/>
    <property name="java.vendor" value="Oracle Corporation"/>
    <property name="java.vm.info" value="mixed mode"/>
    <property name="java.vm.version" value="11.0.20+9-LTS-256"/>
    <property name="java.specification.maintenance.version" value="2"/>
    <property name="sun.io.unicode.encoding" value="UnicodeBig"/>
    <property name="maven.repo.local" value="/Users/shy/Desktop/apache-maven-3.6.1/maven"/>
    <property name="java.class.version" value="55.0"/>
    <property name="socksNonProxyHosts" value="local|*.local|169.254/16|*.169.254/16"/>
  </properties>
</testsuite>